0 info it worked if it ends with ok
1 verbose cli [ 'node', '/usr/local/bin/npm', 'run', 'ggwp' ]
2 info using npm@2.8.4
3 info using node@v0.10.24
4 verbose run-script [ 'preggwp', 'ggwp', 'postggwp' ]
5 info preggwp drawing-room@1.0.25
6 info ggwp drawing-room@1.0.25
7 verbose unsafe-perm in lifecycle true
8 info drawing-room@1.0.25 Failed to exec ggwp script
9 verbose stack Error: drawing-room@1.0.25 ggwp: `git commit -am 'ggwp' && git push && npm version patch && npm publish`
9 verbose stack Exit status 1
9 verbose stack     at EventEmitter.<anonymous> (/usr/local/lib/node_modules/npm/lib/utils/lifecycle.js:213:16)
9 verbose stack     at EventEmitter.emit (events.js:98:17)
9 verbose stack     at ChildProcess.<anonymous> (/usr/local/lib/node_modules/npm/lib/utils/spawn.js:24:14)
9 verbose stack     at ChildProcess.EventEmitter.emit (events.js:98:17)
9 verbose stack     at maybeClose (child_process.js:735:16)
9 verbose stack     at Process.ChildProcess._handle.onexit (child_process.js:802:5)
10 verbose pkgid drawing-room@1.0.25
11 verbose cwd /Users/William/Desktop/drawing-room
12 error Darwin 14.0.0
13 error argv "node" "/usr/local/bin/npm" "run" "ggwp"
14 error node v0.10.24
15 error npm  v2.8.4
16 error code ELIFECYCLE
17 error drawing-room@1.0.25 ggwp: `git commit -am 'ggwp' && git push && npm version patch && npm publish`
17 error Exit status 1
18 error Failed at the drawing-room@1.0.25 ggwp script 'git commit -am 'ggwp' && git push && npm version patch && npm publish'.
18 error This is most likely a problem with the drawing-room package,
18 error not with npm itself.
18 error Tell the author that this fails on your system:
18 error     git commit -am 'ggwp' && git push && npm version patch && npm publish
18 error You can get their info via:
18 error     npm owner ls drawing-room
18 error There is likely additional logging output above.
19 verbose exit [ 1, true ]
